TN:
SF:/Users/andeladeveloper/Documents/andela/completenews/src/js/action/authAction.js
FN:13,(anonymous_0)
FNF:1
FNH:1
FNDA:3,(anonymous_0)
DA:13,3
DA:14,3
DA:15,2
DA:21,1
LF:4
LH:4
BRDA:14,0,0,2
BRDA:14,0,1,1
BRF:2
BRH:2
end_of_record
TN:
SF:/Users/andeladeveloper/Documents/andela/completenews/src/js/action/favourite.js
FN:11,(anonymous_0)
FNF:1
FNH:1
FNDA:6,(anonymous_0)
DA:11,5
DA:12,6
DA:13,6
DA:14,0
DA:15,0
DA:20,6
LF:6
LH:4
BRDA:11,0,0,4
BRDA:13,1,0,0
BRDA:13,1,1,6
BRDA:13,2,0,6
BRDA:13,2,1,0
BRF:5
BRH:3
end_of_record
TN:
SF:/Users/andeladeveloper/Documents/andela/completenews/src/js/action/headlineAction.js
FN:11,(anonymous_0)
FN:13,(anonymous_1)
FN:20,(anonymous_2)
FN:33,(anonymous_3)
FN:35,(anonymous_4)
FN:42,(anonymous_5)
FN:54,(anonymous_6)
FNF:7
FNH:7
FNDA:4,(anonymous_0)
FNDA:1,(anonymous_1)
FNDA:2,(anonymous_2)
FNDA:2,(anonymous_3)
FNDA:1,(anonymous_4)
FNDA:1,(anonymous_5)
FNDA:2,(anonymous_6)
DA:11,5
DA:12,4
DA:14,1
DA:21,2
DA:33,5
DA:34,2
DA:36,1
DA:37,1
DA:43,1
DA:54,5
DA:55,2
LF:11
LH:11
BRDA:11,0,0,0
BRF:1
BRH:0
end_of_record
TN:
SF:/Users/andeladeveloper/Documents/andela/completenews/src/js/action/notifyAction.js
FN:9,(anonymous_0)
FNF:1
FNH:1
FNDA:1,(anonymous_0)
DA:9,3
DA:10,1
LF:2
LH:2
BRF:0
BRH:0
end_of_record
TN:
SF:/Users/andeladeveloper/Documents/andela/completenews/src/js/action/sourceAction.js
FN:9,(anonymous_0)
FN:11,(anonymous_1)
FN:17,(anonymous_2)
FNF:3
FNH:3
FNDA:3,(anonymous_0)
FNDA:2,(anonymous_1)
FNDA:1,(anonymous_2)
DA:9,4
DA:10,3
DA:12,2
DA:18,1
LF:4
LH:4
BRF:0
BRH:0
end_of_record
TN:
SF:/Users/andeladeveloper/Documents/andela/completenews/src/js/pages/404.jsx
FN:4,(anonymous_0)
FNF:1
FNH:1
FNDA:2,(anonymous_0)
DA:4,1
DA:5,2
LF:2
LH:2
BRF:0
BRH:0
end_of_record
TN:
SF:/Users/andeladeveloper/Documents/andela/completenews/src/js/pages/Article.jsx
FN:28,(anonymous_0)
FN:36,(anonymous_1)
FN:49,(anonymous_2)
FN:53,(anonymous_3)
FN:63,(anonymous_4)
FN:74,(anonymous_5)
FNF:6
FNH:3
FNDA:3,(anonymous_0)
FNDA:0,(anonymous_1)
FNDA:0,(anonymous_2)
FNDA:0,(anonymous_3)
FNDA:3,(anonymous_4)
FNDA:3,(anonymous_5)
DA:14,2
DA:15,2
DA:16,2
DA:17,2
DA:18,2
DA:29,3
DA:36,3
DA:37,0
DA:38,0
DA:39,0
DA:40,0
DA:42,0
DA:44,0
DA:45,0
DA:46,0
DA:48,0
DA:50,0
DA:51,0
DA:54,0
DA:63,3
DA:64,3
DA:65,3
DA:66,3
DA:75,3
DA:174,2
DA:187,2
LF:26
LH:14
BRDA:80,0,0,3
BRDA:80,0,1,0
BRDA:86,1,0,3
BRDA:86,1,1,0
BRDA:104,2,0,3
BRDA:104,2,1,0
BRDA:114,3,0,3
BRDA:114,3,1,0
BRDA:121,4,0,2
BRDA:121,4,1,1
BRF:10
BRH:6
end_of_record
TN:
SF:/Users/andeladeveloper/Documents/andela/completenews/src/js/pages/Headlines.jsx
FN:26,(anonymous_0)
FN:48,(anonymous_1)
FN:49,(anonymous_2)
FN:58,(anonymous_3)
FN:69,(anonymous_4)
FN:79,(anonymous_5)
FN:95,(anonymous_6)
FN:129,(anonymous_7)
FN:141,(anonymous_8)
FN:157,(anonymous_9)
FN:176,(anonymous_10)
FN:184,(anonymous_11)
FN:204,(anonymous_12)
FN:212,(anonymous_13)
FN:216,(anonymous_14)
FN:233,(anonymous_15)
FN:242,(anonymous_16)
FN:257,(anonymous_17)
FN:261,(anonymous_18)
FN:278,(anonymous_19)
FN:291,(anonymous_20)
FN:303,(anonymous_21)
FN:311,(anonymous_22)
FN:323,(anonymous_23)
FN:329,(anonymous_24)
FN:360,(anonymous_25)
FN:388,(anonymous_26)
FNF:27
FNH:23
FNDA:3,(anonymous_0)
FNDA:22,(anonymous_1)
FNDA:25,(anonymous_2)
FNDA:0,(anonymous_3)
FNDA:0,(anonymous_4)
FNDA:1,(anonymous_5)
FNDA:1,(anonymous_6)
FNDA:0,(anonymous_7)
FNDA:2,(anonymous_8)
FNDA:1,(anonymous_9)
FNDA:1,(anonymous_10)
FNDA:2,(anonymous_11)
FNDA:1,(anonymous_12)
FNDA:1,(anonymous_13)
FNDA:2,(anonymous_14)
FNDA:2,(anonymous_15)
FNDA:1,(anonymous_16)
FNDA:1,(anonymous_17)
FNDA:2,(anonymous_18)
FNDA:1,(anonymous_19)
FNDA:1,(anonymous_20)
FNDA:1,(anonymous_21)
FNDA:8,(anonymous_22)
FNDA:19,(anonymous_23)
FNDA:22,(anonymous_24)
FNDA:0,(anonymous_25)
FNDA:7,(anonymous_26)
DA:27,3
DA:28,3
DA:45,3
DA:46,3
DA:47,3
DA:48,3
DA:49,22
DA:50,25
DA:52,3
DA:53,3
DA:54,3
DA:55,3
DA:56,3
DA:57,3
DA:58,3
DA:59,0
DA:60,0
DA:61,0
DA:62,0
DA:63,0
DA:64,0
DA:66,0
DA:68,0
DA:70,0
DA:72,0
DA:77,0
DA:79,3
DA:80,1
DA:82,1
DA:83,1
DA:84,1
DA:86,3
DA:87,3
DA:88,3
DA:96,1
DA:97,1
DA:98,1
DA:99,1
DA:100,1
DA:101,1
DA:102,1
DA:103,1
DA:104,0
DA:105,0
DA:107,1
DA:109,1
DA:110,0
DA:111,1
DA:112,0
DA:113,1
DA:114,0
DA:115,0
DA:117,1
DA:120,1
DA:121,1
DA:122,1
DA:130,0
DA:131,0
DA:132,0
DA:133,0
DA:134,0
DA:142,2
DA:143,1
DA:145,1
DA:158,1
DA:159,1
DA:160,1
DA:161,1
DA:177,1
DA:178,1
DA:179,1
DA:180,1
DA:182,1
DA:183,1
DA:184,2
DA:185,1
DA:186,1
DA:187,0
DA:189,1
DA:205,1
DA:213,1
DA:214,1
DA:215,1
DA:216,1
DA:217,2
DA:218,1
DA:219,1
DA:221,2
DA:223,1
DA:224,1
DA:225,1
DA:226,1
DA:234,2
DA:243,1
DA:244,1
DA:245,1
DA:246,1
DA:247,0
DA:249,1
DA:259,1
DA:260,1
DA:261,2
DA:262,1
DA:263,1
DA:279,1
DA:280,1
DA:281,1
DA:282,1
DA:292,1
DA:293,1
DA:304,1
DA:312,8
DA:313,8
DA:324,19
DA:330,22
DA:361,0
DA:389,7
LF:117
LH:92
BRDA:103,0,0,0
BRDA:103,0,1,1
BRDA:109,1,0,0
BRDA:109,1,1,1
BRDA:111,2,0,0
BRDA:111,2,1,1
BRDA:113,3,0,0
BRDA:113,3,1,1
BRDA:142,4,0,1
BRDA:142,4,1,1
BRDA:186,5,0,0
BRDA:186,5,1,1
BRDA:196,6,0,0
BRDA:196,6,1,1
BRDA:217,7,0,1
BRDA:217,7,1,1
BRDA:246,8,0,0
BRDA:246,8,1,1
BRDA:267,9,0,0
BRDA:267,9,1,1
BRDA:312,10,0,8
BRDA:312,10,1,3
BRDA:320,11,0,1
BRDA:320,11,1,7
BRDA:320,12,0,8
BRDA:320,12,1,7
BRDA:343,13,0,1
BRDA:343,13,1,7
BRDA:343,14,0,8
BRDA:343,14,1,6
BRDA:354,15,0,8
BRDA:354,15,1,0
BRDA:370,16,0,1
BRDA:370,16,1,7
BRDA:370,17,0,8
BRDA:370,17,1,8
BRDA:374,18,0,0
BRDA:374,18,1,7
BRDA:395,19,0,0
BRDA:395,19,1,7
BRF:40
BRH:29
end_of_record
TN:
SF:/Users/andeladeveloper/Documents/andela/completenews/src/js/pages/Layout.jsx
FN:16,(anonymous_0)
FNF:1
FNH:1
FNDA:1,(anonymous_0)
DA:17,1
DA:61,1
DA:68,1
LF:3
LH:3
BRF:0
BRH:0
end_of_record
TN:
SF:/Users/andeladeveloper/Documents/andela/completenews/src/js/pages/userinfo.jsx
FN:17,(anonymous_0)
FN:25,(anonymous_1)
FN:44,(anonymous_2)
FN:58,(anonymous_3)
FN:67,(anonymous_4)
FN:75,(anonymous_5)
FN:85,(anonymous_6)
FN:96,(anonymous_7)
FNF:8
FNH:7
FNDA:4,(anonymous_0)
FNDA:1,(anonymous_1)
FNDA:3,(anonymous_2)
FNDA:0,(anonymous_3)
FNDA:3,(anonymous_4)
FNDA:6,(anonymous_5)
FNDA:1,(anonymous_6)
FNDA:9,(anonymous_7)
DA:18,4
DA:19,4
DA:24,4
DA:25,4
DA:26,1
DA:27,1
DA:28,1
DA:29,1
DA:31,1
DA:32,1
DA:33,1
DA:36,4
DA:37,4
DA:45,3
DA:46,3
DA:47,3
DA:48,2
DA:50,3
DA:51,3
DA:59,0
DA:60,0
DA:68,3
DA:76,6
DA:86,1
DA:87,1
DA:88,1
DA:89,1
DA:97,9
LF:28
LH:26
BRDA:32,0,0,1
BRDA:32,0,1,0
BRDA:47,1,0,2
BRDA:47,1,1,1
BRDA:98,2,0,6
BRDA:98,2,1,3
BRDA:109,3,0,3
BRDA:109,3,1,0
BRF:8
BRH:6
end_of_record
TN:
SF:/Users/andeladeveloper/Documents/andela/completenews/src/js/pages/headlines/SortBy.jsx
FN:5,(anonymous_0)
FNF:1
FNH:1
FNDA:2,(anonymous_0)
DA:5,2
DA:6,2
DA:11,2
LF:3
LH:3
BRF:0
BRH:0
end_of_record
TN:
SF:/Users/andeladeveloper/Documents/andela/completenews/src/js/pages/headlines/SourceOptions.jsx
FN:5,(anonymous_0)
FNF:1
FNH:0
FNDA:0,(anonymous_0)
DA:5,2
DA:6,0
DA:15,2
DA:22,2
LF:4
LH:3
BRDA:5,0,0,0
BRF:1
BRH:0
end_of_record
TN:
SF:/Users/andeladeveloper/Documents/andela/completenews/src/js/pages/headlines/selectSource.jsx
FN:16,(anonymous_0)
FN:24,(anonymous_1)
FN:40,(anonymous_2)
FN:44,(anonymous_3)
FN:62,(anonymous_4)
FN:72,(anonymous_5)
FN:80,(anonymous_6)
FN:86,(anonymous_7)
FN:94,(anonymous_8)
FNF:9
FNH:7
FNDA:2,(anonymous_0)
FNDA:3,(anonymous_1)
FNDA:1,(anonymous_2)
FNDA:2,(anonymous_3)
FNDA:1,(anonymous_4)
FNDA:0,(anonymous_5)
FNDA:2,(anonymous_6)
FNDA:0,(anonymous_7)
FNDA:2,(anonymous_8)
DA:17,2
DA:18,2
DA:24,2
DA:25,3
DA:26,1
DA:28,2
DA:40,2
DA:41,1
DA:42,1
DA:43,1
DA:44,1
DA:45,2
DA:46,1
DA:47,1
DA:49,2
DA:51,1
DA:52,1
DA:53,1
DA:54,1
DA:63,1
DA:64,1
DA:65,1
DA:73,0
DA:81,2
DA:82,2
DA:87,0
DA:88,0
DA:95,2
LF:28
LH:25
BRDA:25,0,0,1
BRDA:25,0,1,2
BRDA:45,1,0,1
BRDA:45,1,1,1
BRDA:91,2,0,1
BRDA:91,2,1,1
BRF:6
BRH:6
end_of_record
TN:
SF:/Users/andeladeveloper/Documents/andela/completenews/src/js/pages/headlines/tip.jsx
FN:4,(anonymous_0)
FNF:1
FNH:1
FNDA:2,(anonymous_0)
DA:4,2
DA:5,2
LF:2
LH:2
BRF:0
BRH:0
end_of_record
TN:
SF:/Users/andeladeveloper/Documents/andela/completenews/src/js/store/HeadlineStore.js
FN:12,(anonymous_0)
FN:27,(anonymous_1)
FN:38,(anonymous_2)
FN:48,(anonymous_3)
FNF:4
FNH:4
FNDA:3,(anonymous_0)
FNDA:6,(anonymous_1)
FNDA:1,(anonymous_2)
FNDA:13,(anonymous_3)
DA:13,3
DA:14,3
DA:15,3
DA:16,3
DA:17,3
DA:18,3
DA:28,6
DA:29,6
DA:30,6
DA:39,1
DA:40,1
DA:49,13
DA:51,3
DA:52,3
DA:53,3
DA:55,2
DA:56,2
DA:57,2
DA:62,3
DA:63,3
LF:20
LH:20
BRDA:49,0,0,3
BRDA:49,0,1,2
BRDA:49,0,2,8
BRF:3
BRH:3
end_of_record
TN:
SF:/Users/andeladeveloper/Documents/andela/completenews/src/js/store/NotifyStore.js
FN:12,(anonymous_0)
FN:23,(anonymous_1)
FN:33,(anonymous_2)
FNF:3
FNH:3
FNDA:5,(anonymous_0)
FNDA:8,(anonymous_1)
FNDA:15,(anonymous_2)
DA:13,5
DA:14,5
DA:15,5
DA:24,8
DA:25,8
DA:34,15
DA:36,7
DA:37,7
DA:38,7
DA:44,5
DA:45,5
LF:11
LH:11
BRDA:34,0,0,7
BRDA:34,0,1,8
BRF:2
BRH:2
end_of_record
TN:
SF:/Users/andeladeveloper/Documents/andela/completenews/src/js/store/SourceStore.js
FN:13,(anonymous_0)
FN:24,(anonymous_1)
FN:34,(anonymous_2)
FNF:3
FNH:3
FNDA:5,(anonymous_0)
FNDA:4,(anonymous_1)
FNDA:9,(anonymous_2)
DA:14,5
DA:15,5
DA:16,5
DA:25,4
DA:26,4
DA:35,9
DA:37,3
DA:38,3
DA:39,3
DA:44,5
DA:45,5
LF:11
LH:11
BRDA:35,0,0,3
BRDA:35,0,1,6
BRF:2
BRH:2
end_of_record
TN:
SF:/Users/andeladeveloper/Documents/andela/completenews/src/js/store/authStore.js
FN:13,(anonymous_0)
FN:26,(anonymous_1)
FN:37,(anonymous_2)
FNF:3
FNH:3
FNDA:5,(anonymous_0)
FNDA:5,(anonymous_1)
FNDA:14,(anonymous_2)
DA:14,5
DA:15,5
DA:16,5
DA:17,5
DA:27,5
DA:28,5
DA:29,5
DA:38,14
DA:40,4
DA:41,4
DA:42,4
DA:48,5
DA:49,5
LF:13
LH:13
BRDA:38,0,0,4
BRDA:38,0,1,10
BRF:2
BRH:2
end_of_record
TN:
SF:/Users/andeladeveloper/Documents/andela/completenews/src/js/store/favouriteStore.js
FN:12,(anonymous_0)
FN:22,(anonymous_1)
FNF:2
FNH:2
FNDA:4,(anonymous_0)
FNDA:9,(anonymous_1)
DA:13,4
DA:14,4
DA:23,9
DA:25,7
DA:26,6
DA:28,1
DA:30,7
DA:31,7
DA:37,4
DA:38,4
LF:10
LH:10
BRDA:23,0,0,7
BRDA:23,0,1,2
BRDA:25,1,0,6
BRDA:25,1,1,1
BRF:4
BRH:4
end_of_record
